<?xml version="1.0" encoding="UTF-8"?>
<!-- Generated by org.testng.reporters.JUnitReportReporter -->
<testsuite skipped="0" hostname="idea-PC" name="OrangeHrm.NewTest" tests="2" failures="0" timestamp="15 Sep 2017 19:13:33 GMT" time="17.392" errors="0">
  <testcase name="VerifyErrorMessage" time="9.953" classname="OrangeHrm.NewTest"/>
  <testcase name="OrangeHRMTitle" time="7.439" classname="OrangeHrm.NewTest"/>
</testsuite> <!-- OrangeHrm.NewTest -->
