<?xml version="1.0" encoding="UTF-8"?>
<!-- Generated by org.testng.reporters.JUnitReportReporter -->
<testsuite skipped="0" hostname="idea-PC" name="test.org.SeleniumMaven2.NewToursBusinessLogic" tests="1" failures="0" timestamp="22 Aug 2017 10:18:34 GMT" time="5.494" errors="0">
  <testcase name="f" time="5.494" classname="test.org.SeleniumMaven2.NewToursBusinessLogic"/>
</testsuite> <!-- test.org.SeleniumMaven2.NewToursBusinessLogic -->
