<?xml version="1.0" encoding="UTF-8"?>
<!-- Generated by org.testng.reporters.JUnitReportReporter -->
<testsuite skipped="0" hostname="idea-PC" name="test.org.SeleniumMaven.BusinessLogic1" tests="1" failures="0" timestamp="20 Aug 2017 12:48:32 GMT" time="41.374" errors="0">
  <testcase name="f" time="41.374" classname="test.org.SeleniumMaven.BusinessLogic1"/>
</testsuite> <!-- test.org.SeleniumMaven.BusinessLogic1 -->
